<?xml version="1.0" encoding="UTF-8"?>
<!-- Generated by org.testng.reporters.JUnitReportReporter -->
<testsuite hostname="LAPTOP-L34T7JJ0" failures="0" tests="1" name="testngpackage.DatePickerr" time="2.449" errors="0" timestamp="2024-11-18T18:08:31 IST" skipped="0">
  <testcase classname="testngpackage.DatePickerr" name="datePick" time="2.449"/>
  <system-out/>
</testsuite> <!-- testngpackage.DatePickerr -->
