<?xml version="1.0" encoding="UTF-8"?>
<!-- Generated by org.testng.reporters.JUnitReportReporter -->
<testsuite hostname="LAPTOP-L34T7JJ0" failures="0" tests="1" name="testngpackage.Trivagodatepicker" time="1.254" errors="0" timestamp="2024-12-01T17:45:54 IST" skipped="0">
  <testcase classname="testngpackage.Trivagodatepicker" name="datePick" time="1.254"/>
  <system-out/>
</testsuite> <!-- testngpackage.Trivagodatepicker -->
