<?xml version="1.0" encoding="UTF-8"?>
<!-- Generated by org.testng.reporters.JUnitReportReporter -->
<testsuite hostname="LAPTOP-L34T7JJ0" failures="0" tests="1" name="testngpackage.Copypaste" time="0.664" errors="0" timestamp="2024-12-01T18:15:03 IST" skipped="0">
  <testcase classname="testngpackage.Copypaste" name="copypaste" time="0.664"/>
  <system-out/>
</testsuite> <!-- testngpackage.Copypaste -->
