<?xml version="1.0" encoding="UTF-8"?>
<!-- Generated by org.testng.reporters.JUnitReportReporter -->
<testsuite hostname="LAPTOP-L34T7JJ0" failures="0" tests="1" name="testngpackage.DataDrivenTest" time="31.700" errors="0" timestamp="2024-11-19T11:40:54 IST" skipped="0">
  <testcase classname="testngpackage.DataDrivenTest" name="dataDriven" time="31.700"/>
  <system-out/>
</testsuite> <!-- testngpackage.DataDrivenTest -->
