<?xml version="1.0" encoding="UTF-8"?>
<!-- Generated by org.testng.reporters.JUnitReportReporter -->
<testsuite hostname="LAPTOP-L34T7JJ0" failures="0" tests="1" name="testngpackage.FileUploadAutoIT" time="8.995" errors="0" timestamp="2024-12-01T16:51:29 IST" skipped="0">
  <testcase classname="testngpackage.FileUploadAutoIT" name="fileUp" time="8.995"/>
  <system-out/>
</testsuite> <!-- testngpackage.FileUploadAutoIT -->
