<?xml version="1.0" encoding="UTF-8"?>
<!-- Generated by org.testng.reporters.JUnitReportReporter -->
<testsuite hostname="LAPTOP-L34T7JJ0" failures="0" tests="1" name="testngpackage.Trivagodatepicker$TrivagoDatePicker" time="1.393" errors="0" timestamp="2024-11-15T22:08:42 IST" skipped="0">
  <testcase classname="testngpackage.Trivagodatepicker$TrivagoDatePicker" name="datePicking" time="1.393"/>
  <system-out/>
</testsuite> <!-- testngpackage.Trivagodatepicker$TrivagoDatePicker -->
