<?xml version="1.0" encoding="UTF-8"?>
<!-- Generated by org.testng.reporters.JUnitReportReporter -->
<testsuite hostname="LAPTOP-L34T7JJ0" failures="0" tests="1" name="testngpackage.DragDrop" time="0.698" errors="0" timestamp="2024-11-13T12:06:58 IST" skipped="0">
  <testcase classname="testngpackage.DragDrop" name="dragndDrop" time="0.698"/>
  <system-out/>
</testsuite> <!-- testngpackage.DragDrop -->
