<?xml version="1.0" encoding="UTF-8"?>
<!-- Generated by org.testng.reporters.JUnitReportReporter -->
<testsuite hostname="LAPTOP-L34T7JJ0" failures="0" tests="1" name="testngpackage.Guruu99" time="0.584" errors="0" timestamp="2024-12-01T18:17:07 IST" skipped="0">
  <testcase classname="testngpackage.Guruu99" name="rhtDble" time="0.584"/>
  <system-out/>
</testsuite> <!-- testngpackage.Guruu99 -->
