<?xml version="1.0" encoding="UTF-8"?>
<!-- Generated by org.testng.reporters.JUnitReportReporter -->
<testsuite hostname="LAPTOP-L34T7JJ0" failures="0" tests="4" name="testngpackage.TestNGDemo" time="0.049" errors="0" timestamp="2024-11-12T11:59:20 IST" skipped="0">
  <testcase classname="testngpackage.TestNGDemo" name="test3" time="0.023"/>
  <system-out/>
  <testcase classname="testngpackage.TestNGDemo" name="test1" time="0.008"/>
  <system-out/>
  <testcase classname="testngpackage.TestNGDemo" name="test1" time="0.015"/>
  <system-out/>
  <testcase classname="testngpackage.TestNGDemo" name="test1" time="0.003"/>
  <system-out/>
</testsuite> <!-- testngpackage.TestNGDemo -->
