<?xml version="1.0" encoding="UTF-8"?>
<!-- Generated by org.testng.reporters.JUnitReportReporter -->
<testsuite hostname="LAPTOP-L34T7JJ0" failures="0" tests="1" name="testngpackage.Parameterization" time="0.018" errors="0" timestamp="2024-12-01T17:42:41 IST" skipped="0">
  <testcase classname="testngpackage.Parameterization" name="paraMtr" time="0.018"/>
  <system-out/>
</testsuite> <!-- testngpackage.Parameterization -->
