<?xml version="1.0" encoding="UTF-8"?>
<!-- Generated by org.testng.reporters.JUnitReportReporter -->
<testsuite hostname="LAPTOP-L34T7JJ0" failures="0" tests="1" name="testngpackage.MultipleWindow" time="1.063" errors="0" timestamp="2024-11-15T12:26:16 IST" skipped="0">
  <testcase classname="testngpackage.MultipleWindow" name="multiplewindow" time="1.063"/>
  <system-out/>
</testsuite> <!-- testngpackage.MultipleWindow -->
