<?xml version="1.0" encoding="UTF-8"?>
<!-- Generated by org.testng.reporters.JUnitReportReporter -->
<testsuite hostname="LAPTOP-L34T7JJ0" failures="0" tests="1" name="testngpackage.FileUpload" time="9.659" errors="0" timestamp="2024-11-16T21:51:36 IST" skipped="0">
  <testcase classname="testngpackage.FileUpload" name="fileUp" time="9.659"/>
  <system-out/>
</testsuite> <!-- testngpackage.FileUpload -->
