<?xml version="1.0" encoding="UTF-8"?>
<!-- Generated by org.testng.reporters.JUnitReportReporter -->
<testsuite hostname="LAPTOP-L34T7JJ0" failures="0" tests="1" name="testngpackage.MouseOverr" time="3.184" errors="0" timestamp="2024-12-01T18:16:09 IST" skipped="0">
  <testcase classname="testngpackage.MouseOverr" name="mouseoverr" time="3.184"/>
  <system-out/>
</testsuite> <!-- testngpackage.MouseOverr -->
