<?xml version="1.0" encoding="UTF-8"?>
<!-- Generated by org.testng.reporters.JUnitReportReporter -->
<testsuite hostname="LAPTOP-L34T7JJ0" failures="0" tests="3" name="testngpackage.CrossBrowser" time="6.713" errors="0" timestamp="2024-11-13T13:11:07 IST" skipped="0">
  <testcase classname="testngpackage.CrossBrowser" name="crossbrowser" time="2.422"/>
  <system-out/>
  <testcase classname="testngpackage.CrossBrowser" name="crossbrowser" time="1.933"/>
  <system-out/>
  <testcase classname="testngpackage.CrossBrowser" name="crossbrowser" time="2.358"/>
  <system-out/>
</testsuite> <!-- testngpackage.CrossBrowser -->
