<?xml version="1.0" encoding="UTF-8"?>
<!-- Generated by org.testng.reporters.JUnitReportReporter -->
<testsuite hostname="LAPTOP-L34T7JJ0" failures="0" tests="1" name="testngpackage.Assertionpgm" time="1.610" errors="0" timestamp="2024-12-01T16:54:18 IST" skipped="0">
  <testcase classname="testngpackage.Assertionpgm" name="title" time="1.610"/>
  <system-out/>
</testsuite> <!-- testngpackage.Assertionpgm -->
